<?xml version="1.0" encoding="UTF-8"?>
<!-- Generated by org.testng.reporters.JUnitReportReporter -->
<testsuite hostname="chaiyachaiya" name="mowitnow.FieldTest" tests="9" failures="0" timestamp="8 Aug 2013 22:27:06 GMT" time="0.006" errors="0">
  <testcase name="should_tell_if_inside_the_field" time="0.000" classname="mowitnow.FieldTest"/>
  <testcase name="should_tell_if_inside_the_field" time="0.000" classname="mowitnow.FieldTest"/>
  <testcase name="should_tell_if_inside_the_field" time="0.001" classname="mowitnow.FieldTest"/>
  <testcase name="should_tell_if_inside_the_field" time="0.000" classname="mowitnow.FieldTest"/>
  <testcase name="should_tell_if_inside_the_field" time="0.000" classname="mowitnow.FieldTest"/>
  <testcase name="should_tell_if_inside_the_field" time="0.001" classname="mowitnow.FieldTest"/>
  <testcase name="should_tell_if_inside_the_field" time="0.003" classname="mowitnow.FieldTest"/>
  <testcase name="should_tell_if_inside_the_field" time="0.000" classname="mowitnow.FieldTest"/>
  <testcase name="should_tell_if_inside_the_field" time="0.001" classname="mowitnow.FieldTest"/>
</testsuite>
