<?xml version="1.0" encoding="UTF-8"?>
<!-- Generated by org.testng.reporters.JUnitReportReporter -->
<testsuite hostname="chaiyachaiya" name="mowitnow.TondeuseTest" tests="2" failures="0" timestamp="8 Aug 2013 22:27:05 GMT" time="0.001" errors="0">
  <testcase name="toto" time="0.001" classname="mowitnow.TondeuseTest"/>
  <testcase name="should_only_move_inside_the_field" time="0.000" classname="mowitnow.TondeuseTest"/>
</testsuite>
